<?xml version="1.0" encoding="UTF-8"?>
<testsuite name="TestSuite" time="24.637" tests="4" errors="0" skipped="0" failures="0">
  <properties>
[...]
</properties>
  <testcase name="checkLogin" classname="com.qa.shop.tests.main.LoggingInTest" time="5.358"/>
  <testcase name="favouriteTest" classname="com.qa.shop.tests.favourite.FavouriteTest" time="11.185"/>
  <testcase name="favouriteTest" classname="com.qa.shop.tests.filters.FiltersTest" time="8.094"/>
  <testcase name="favouriteTest" classname="com.qa.shop.tests.filters.FiltersTest" time="8.954"/>
</testsuite>